<?xml version="1.0" encoding="UTF-8"?>
<testsuite xmlns:xsi="http://www.w3.org/2001/XMLSchema-instance" xsi:noNamespaceSchemaLocation="https://maven.apache.org/surefire/maven-surefire-plugin/xsd/surefire-test-report-3.0.xsd" version="3.0" name="com.gamebacket.vercel.app.GamebacketApplicationTests" time="14.97" tests="1" errors="0" skipped="0" failures="0">
  <properties>
[...]
</properties>
  <testcase name="contextLoads" classname="com.gamebacket.vercel.app.GamebacketApplicationTests" time="1.178">
    <system-out><![CDATA[17:18:55.126 [main] INFO org.springframework.test.context.support.AnnotationConfigContextLoaderUtils -- Could not detect default configuration classes for test class [com.gamebacket.vercel.app.GamebacketApplicationTests]: GamebacketApplicationTests does not declare any static, non-private, non-final, nested classes annotated with @Configuration.
17:18:55.386 [main] INFO org.springframework.boot.test.context.SpringBootTestContextBootstrapper -- Found @SpringBootConfiguration com.gamebacket.vercel.app.GamebacketApplication for test class com.gamebacket.vercel.app.GamebacketApplicationTests

  .   ____          _            __ _ _
 /\\ / ___'_ __ _ _(_)_ __  __ _ \ \ \ \
( ( )\___ | '_ | '_| | '_ \/ _` | \ \ \ \
 \\/  ___)| |_)| | | | | || (_| |  ) ) ) )
  '  |____| .__|_| |_|_| |_\__, | / / / /
 =========|_|==============|___/=/_/_/_/
 :: Spring Boot ::                (v3.1.5)

2024-02-05T17:18:56.555+03:00  INFO 19660 --- [           main] c.g.v.app.GamebacketApplicationTests     : Starting GamebacketApplicationTests using Java 21.0.2 with PID 19660 (started by rojo in C:\Users\rojo\Documents\SolnCodes\gamebacket)
2024-02-05T17:18:56.560+03:00  INFO 19660 --- [           main] c.g.v.app.GamebacketApplicationTests     : No active profile set, falling back to 1 default profile: "default"
2024-02-05T17:18:58.288+03:00  INFO 19660 --- [           main] .s.d.r.c.RepositoryConfigurationDelegate : Bootstrapping Spring Data JPA repositories in DEFAULT mode.
2024-02-05T17:18:58.466+03:00  INFO 19660 --- [           main] .s.d.r.c.RepositoryConfigurationDelegate : Finished Spring Data repository scanning in 161 ms. Found 7 JPA repository interfaces.
2024-02-05T17:18:59.726+03:00  INFO 19660 --- [           main] o.hibernate.jpa.internal.util.LogHelper  : HHH000204: Processing PersistenceUnitInfo [name: default]
2024-02-05T17:18:59.956+03:00  INFO 19660 --- [           main] org.hibernate.Version                    : HHH000412: Hibernate ORM core version 6.2.13.Final
2024-02-05T17:18:59.960+03:00  INFO 19660 --- [           main] org.hibernate.cfg.Environment            : HHH000406: Using bytecode reflection optimizer
2024-02-05T17:19:00.722+03:00  INFO 19660 --- [           main] o.s.o.j.p.SpringPersistenceUnitInfo      : No LoadTimeWeaver setup: ignoring JPA class transformer
2024-02-05T17:19:00.793+03:00  INFO 19660 --- [           main] com.zaxxer.hikari.HikariDataSource       : HikariPool-1 - Starting...
2024-02-05T17:19:01.291+03:00  INFO 19660 --- [           main] com.zaxxer.hikari.pool.HikariPool        : HikariPool-1 - Added connection org.postgresql.jdbc.PgConnection@62b0bf85
2024-02-05T17:19:01.294+03:00  INFO 19660 --- [           main] com.zaxxer.hikari.HikariDataSource       : HikariPool-1 - Start completed.
2024-02-05T17:19:01.353+03:00  WARN 19660 --- [           main] org.hibernate.orm.deprecation            : HHH90000025: PostgreSQLDialect does not need to be specified explicitly using 'hibernate.dialect' (remove the property setting and it will be selected by default)
2024-02-05T17:19:03.785+03:00  INFO 19660 --- [           main] o.h.e.t.j.p.i.JtaPlatformInitiator       : HHH000489: No JTA platform available (set 'hibernate.transaction.jta.platform' to enable JTA platform integration)
2024-02-05T17:19:04.055+03:00  INFO 19660 --- [           main] j.LocalContainerEntityManagerFactoryBean : Initialized JPA EntityManagerFactory for persistence unit 'default'
2024-02-05T17:19:05.230+03:00  INFO 19660 --- [           main] o.s.d.j.r.query.QueryEnhancerFactory     : Hibernate is in classpath; If applicable, HQL parser will be used.
2024-02-05T17:19:07.156+03:00  WARN 19660 --- [           main] JpaBaseConfiguration$JpaWebConfiguration : spring.jpa.open-in-view is enabled by default. Therefore, database queries may be performed during view rendering. Explicitly configure spring.jpa.open-in-view to disable this warning
2024-02-05T17:19:07.374+03:00  INFO 19660 --- [           main] o.s.s.web.DefaultSecurityFilterChain     : Will secure any request with [org.springframework.security.web.session.DisableEncodeUrlFilter@75fb04ee, org.springframework.security.web.context.request.async.WebAsyncManagerIntegrationFilter@5c863996, org.springframework.security.web.context.SecurityContextHolderFilter@274f51ad, org.springframework.security.web.header.HeaderWriterFilter@3c9cd930, org.springframework.security.web.authentication.logout.LogoutFilter@5f5caea5, com.gamebacket.vercel.app.config.JwtAuthenticationFilter@6aeb769d, org.springframework.security.web.savedrequest.RequestCacheAwareFilter@2c95cb24, org.springframework.security.web.servletapi.SecurityContextHolderAwareRequestFilter@52268f73, org.springframework.security.web.authentication.AnonymousAuthenticationFilter@1000303a, org.springframework.security.web.session.SessionManagementFilter@54980154, org.springframework.security.web.access.ExceptionTranslationFilter@25c6a9de, org.springframework.security.web.access.intercept.AuthorizationFilter@626967a0]
2024-02-05T17:19:08.443+03:00  INFO 19660 --- [           main] c.g.v.app.GamebacketApplicationTests     : Started GamebacketApplicationTests in 12.694 seconds (process running for 14.946)
]]></system-out>
    <system-err><![CDATA[WARNING: A Java agent has been loaded dynamically (C:\Users\rojo\.m2\repository\net\bytebuddy\byte-buddy-agent\1.14.9\byte-buddy-agent-1.14.9.jar)
WARNING: If a serviceability tool is in use, please run with -XX:+EnableDynamicAgentLoading to hide this warning
WARNING: If a serviceability tool is not in use, please run with -Djdk.instrument.traceUsage for more information
WARNING: Dynamic loading of agents will be disallowed by default in a future release
]]></system-err>
  </testcase>
</testsuite>